<?xml version="1.0" encoding="UTF-8"?>
<!-- Generated by org.testng.reporters.JUnitReportReporter -->
<testsuite hostname="DESKTOP-QMSQO3B" failures="0" tests="3" name="com.nxtgenai.testcases.RegisterUser" time="16.162" errors="0" timestamp="2021-12-02T10:49:24 IST" skipped="0">
  <testcase classname="com.nxtgenai.testcases.RegisterUser" name="launchApplication" time="12.322"/>
  <system-out>
    <![CDATA[Application is launched]]>
  </system-out>
  <testcase classname="com.nxtgenai.testcases.RegisterUser" name="registerUser" time="3.535"/>
  <system-out>
    <![CDATA[First Name is Vinoth
Last Name is R
Male radio button is selected
Email id is vinothrwins@gmail.com
Verification Number is 45
Submit Button is clicked]]>
  </system-out>
  <testcase classname="com.nxtgenai.testcases.RegisterUser" name="closeApplication" time="0.305"/>
  <system-out>
    <![CDATA[Application is closed]]>
  </system-out>
</testsuite> <!-- com.nxtgenai.testcases.RegisterUser -->
